\BOOKMARK [1][-]{section.1}{\376\377\004\046\004\065\004\073\004\114\000\040\004\070\004\101\004\101\004\073\004\065\004\064\004\076\004\062\004\060\004\075\004\070\004\117}{}
\BOOKMARK [1][-]{section.2}{\376\377\004\032\004\100\004\060\004\102\004\072\004\060\004\117\000\040\004\105\004\060\004\100\004\060\004\072\004\102\004\065\004\100\004\070\004\101\004\102\004\070\004\072\004\060\000\040\004\070\004\101\004\101\004\073\004\065\004\064\004\103\004\065\004\074\004\113\004\105\000\040\004\060\004\073\004\063\004\076\004\100\004\070\004\102\004\074\004\076\004\062\000\040\004\101\004\076\004\100\004\102\004\070\004\100\004\076\004\062\004\072\004\070}{}
\BOOKMARK [2][-]{subsection.2.1}{\376\377\000\040\004\041\004\076\004\100\004\102\004\070\004\100\004\076\004\062\004\072\004\060\000\040\004\061\004\070\004\075\004\060\004\100\004\075\004\113\004\074\000\040\004\064\004\065\004\100\004\065\004\062\004\076\004\074}{section.2}
\BOOKMARK [2][-]{subsection.2.2}{\376\377\000\040\004\034\004\065\004\102\004\076\004\064\000\040\004\045\004\076\004\060\004\100\004\060\000\040\000\050\000"\004\021\004\113\004\101\004\102\004\100\004\060\004\117\000\040\004\101\004\076\004\100\004\102\004\070\004\100\004\076\004\062\004\072\004\060\000"\000\051}{section.2}
\BOOKMARK [1][-]{section.3}{\376\377\004\033\004\070\004\101\004\102\004\070\004\075\004\063\000\040\004\070\004\101\004\101\004\073\004\065\004\064\004\076\004\062\004\060\004\102\004\065\004\073\004\114\004\101\004\072\004\076\004\071\000\040\004\077\004\100\004\076\004\063\004\100\004\060\004\074\004\074\004\113}{}
\BOOKMARK [1][-]{section.4}{\376\377\004\036\004\077\004\070\004\101\004\060\004\075\004\070\004\065\000\040\004\070\004\101\004\101\004\073\004\065\004\064\004\076\004\062\004\060\004\102\004\065\004\073\004\114\004\101\004\072\004\076\004\071\000\040\004\077\004\100\004\076\004\063\004\100\004\060\004\074\004\074\004\113}{}
\BOOKMARK [2][-]{subsection.4.1}{\376\377\004\034\004\076\004\064\004\103\004\073\004\070}{section.4}
\BOOKMARK [2][-]{subsection.4.2}{\376\377\004\032\004\076\004\075\004\101\004\102\004\060\004\075\004\102\004\113}{section.4}
\BOOKMARK [2][-]{subsection.4.3}{\376\377\004\042\004\070\004\077\004\113}{section.4}
\BOOKMARK [2][-]{subsection.4.4}{\376\377\004\037\004\076\004\064\004\077\004\100\004\076\004\063\004\100\004\060\004\074\004\074\004\113}{section.4}
\BOOKMARK [3][-]{subsubsection.4.4.1}{\376\377\000T\000e\000s\000t\000S\000o\000r\000t\000\050\000a\000:\000a\000r\000r\000\051}{subsection.4.4}
\BOOKMARK [3][-]{subsubsection.4.4.2}{\376\377\000C\000o\000p\000y\000A\000r\000r\000\050\000a\000,\000b\000:\000a\000r\000r\000\051}{subsection.4.4}
\BOOKMARK [3][-]{subsubsection.4.4.3}{\376\377\000e\000x\000c\000h\000\050\000v\000a\000r\000\040\000a\000r\000:\000a\000r\000r\000;\000a\000,\000b\000:\000l\000o\000n\000g\000i\000n\000t\000\051}{subsection.4.4}
\BOOKMARK [3][-]{subsubsection.4.4.4}{\376\377\000S\000o\000r\000t\000Q\000u\000i\000c\000k\000\050\000v\000a\000r\000\040\000a\000r\000:\000a\000r\000r\000;\000l\000,\000u\000:\000l\000o\000n\000g\000i\000n\000t\000\051}{subsection.4.4}
\BOOKMARK [3][-]{subsubsection.4.4.5}{\376\377\000S\000o\000r\000t\000T\000r\000e\000e\000\050\000a\000:\000a\000r\000r\000\051}{subsection.4.4}
\BOOKMARK [3][-]{subsubsection.4.4.6}{\376\377\000p\000r\000i\000n\000t\000\050\000a\000:\000T\000a\000b\000l\000e\000T\000y\000p\000e\000;\000b\000:\000T\000a\000b\000l\000e\000T\000y\000p\000e\000\051}{subsection.4.4}
\BOOKMARK [2][-]{subsection.4.5}{\376\377\004\021\004\073\004\076\004\072\000-\004\101\004\105\004\065\004\074\004\060\000\040\004\077\004\100\004\076\004\063\004\100\004\060\004\074\004\074\004\113}{section.4}
\BOOKMARK [1][-]{section.5}{\376\377\004\042\004\060\004\061\004\073\004\070\004\106\004\060\000\040\004\070\000\040\004\063\004\100\004\060\004\104\004\070\004\072\000\040\004\100\004\065\004\067\004\103\004\073\004\114\004\102\004\060\004\102\004\076\004\062\000\040\004\070\004\101\004\101\004\073\004\065\004\064\004\076\004\062\004\060\004\075\004\070\004\117}{}
\BOOKMARK [1][-]{section.6}{\376\377\004\020\004\075\004\060\004\073\004\070\004\067\000\040\004\100\004\065\004\067\004\103\004\073\004\114\004\102\004\060\004\102\004\076\004\062\000\040\004\115\004\072\004\101\004\077\004\065\004\100\004\070\004\074\004\065\004\075\004\102\004\060}{}
\BOOKMARK [1][-]{section.7}{\376\377\004\022\004\113\004\062\004\076\004\064}{}
